{
  "RSpec": {
    "coverage": {
      "/Users/mateuszdiak/Documents/Projects/makers-bnb/app.rb": {
        "lines": [
          1,
          1,
          1,
          null,
          1,
          1,
          0,
          null,
          null,
          1,
          1,
          null,
          null,
          1,
          2,
          null,
          null,
          1,
          2,
          2,
          null,
          null,
          1,
          2,
          2,
          null,
          null,
          1,
          null
        ]
      },
      "/Users/mateuszdiak/Documents/Projects/makers-bnb/lib/space.rb": {
        "lines": [
          null,
          1,
          null,
          1,
          1,
          null,
          1,
          3,
          3,
          3,
          null,
          null,
          1,
          3,
          null,
          null,
          1,
          5,
          null,
          null
        ]
      },
      "/Users/mateuszdiak/Documents/Projects/makers-bnb/spec/setup_empty_test_database.rb": {
        "lines": [
          1,
          null,
          1,
          10,
          10,
          10,
          null
        ]
      },
      "/Users/mateuszdiak/Documents/Projects/makers-bnb/spec/booking_spec.rb": {
        "lines": [
          1,
          1,
          null,
          1,
          null,
          7,
          7,
          7,
          5,
          3,
          null,
          1,
          1,
          1,
          1,
          null,
          null,
          null,
          1,
          1,
          1,
          null,
          null,
          1,
          1,
          1,
          null,
          null,
          1,
          1,
          1,
          null,
          null,
          null,
          1,
          1,
          null,
          null,
          null,
          1,
          null,
          null,
          null,
          null,
          null,
          null,
          null,
          1,
          null,
          1,
          1,
          1,
          1,
          1,
          null,
          null,
          null,
          1,
          1,
          null,
          1,
          null,
          null,
          null,
          null,
          1,
          null,
          null,
          null,
          null,
          null,
          null,
          null,
          1,
          1,
          1,
          null,
          1,
          1,
          null,
          null,
          1,
          null,
          1,
          1,
          1,
          1,
          1,
          null,
          null,
          1,
          1,
          1,
          1,
          null,
          null,
          null,
          null,
          null,
          null,
          null,
          null,
          null,
          null,
          null,
          null,
          null,
          null,
          null,
          null
        ]
      },
      "/Users/mateuszdiak/Documents/Projects/makers-bnb/lib/booking.rb": {
        "lines": [
          1,
          null,
          1,
          null,
          1,
          1,
          1,
          2,
          null,
          null,
          null,
          null,
          null,
          null,
          null,
          null,
          1,
          7,
          null,
          null,
          null,
          null,
          7,
          null,
          null,
          null,
          null,
          null,
          null,
          null,
          1,
          8,
          8,
          null,
          0,
          null,
          null,
          null,
          1,
          null,
          1,
          9,
          9,
          9,
          9,
          null,
          null
        ]
      },
      "/Users/mateuszdiak/Documents/Projects/makers-bnb/spec/database_helpers.rb": {
        "lines": [
          1,
          null,
          1,
          4,
          4,
          null
        ]
      },
      "/Users/mateuszdiak/Documents/Projects/makers-bnb/spec/features/add_space_spec.rb": {
        "lines": [
          1,
          1,
          1,
          1,
          1,
          1,
          1,
          1,
          1,
          1,
          null,
          null
        ]
      },
      "/Users/mateuszdiak/Documents/Projects/makers-bnb/spec/features/create_new_space_spec.rb": {
        "lines": [
          1,
          1,
          1,
          1,
          1,
          1,
          1,
          1,
          1,
          1,
          null,
          null,
          null,
          null,
          null,
          null
        ]
      },
      "/Users/mateuszdiak/Documents/Projects/makers-bnb/spec/features/test_spec.rb": {
        "lines": [
          1,
          1,
          1,
          1,
          null,
          null
        ]
      },
      "/Users/mateuszdiak/Documents/Projects/makers-bnb/spec/space_spec.rb": {
        "lines": [
          1,
          null,
          1,
          1,
          1,
          1,
          1,
          1,
          1,
          null,
          null,
          null,
          null
        ]
      }
    },
    "timestamp": 1642618974
  }
}
